This file contains any messages produced by compilers while
running configure, to aid debugging if configure makes a mistake.

It was created by roman_cal configure 0.3, which was
generated by GNU Autoconf 2.69.  Invocation command line was

  $ ./configure 

## --------- ##
## Platform. ##
## --------- ##

hostname = hemanth-Inspiron-15-7568
uname -m = x86_64
uname -r = 4.4.0-62-generic
uname -s = Linux
uname -v = #83-Ubuntu SMP Wed Jan 18 14:10:15 UTC 2017

/usr/bin/uname -p = unknown
/bin/uname -X     = unknown

/bin/arch              = unknown
/usr/bin/arch -k       = unknown
/usr/convex/getsysinfo = unknown
/usr/bin/hostinfo      = unknown
/bin/machine           = unknown
/usr/bin/oslevel       = unknown
/bin/universe          = unknown

PATH: /usr/local/sbin
PATH: /usr/local/bin
PATH: /usr/sbin
PATH: /usr/bin
PATH: /sbin
PATH: /bin
PATH: /usr/games
PATH: /usr/local/games
PATH: /snap/bin
PATH: /usr/lib/jvm/java-8-oracle/bin
PATH: /usr/lib/jvm/java-8-oracle/db/bin
PATH: /usr/lib/jvm/java-8-oracle/jre/bin


## ----------- ##
## Core tests. ##
## ----------- ##

configure:2323: checking for gcc
configure:2339: found /usr/bin/gcc
configure:2350: result: gcc
configure:2579: checking for C compiler version
configure:2588: gcc --version >&5
gcc (Ubuntu 5.4.0-6ubuntu1~16.04.4) 5.4.0 20160609
Copyright (C) 2015 Free Software Foundation, Inc.
This is free software; see the source for copying conditions.  There is NO
warranty; not even for MERCHANTABILITY or FITNESS FOR A PARTICULAR PURPOSE.

configure:2599: $? = 0
configure:2588: gcc -v >&5
Using built-in specs.
COLLECT_GCC=gcc
COLLECT_LTO_WRAPPER=/usr/lib/gcc/x86_64-linux-gnu/5/lto-wrapper
Target: x86_64-linux-gnu
Configured with: ../src/configure -v --with-pkgversion='Ubuntu 5.4.0-6ubuntu1~16.04.4' --with-bugurl=file:///usr/share/doc/gcc-5/README.Bugs --enable-languages=c,ada,c++,java,go,d,fortran,objc,obj-c++ --prefix=/usr --program-suffix=-5 --enable-shared --enable-linker-build-id --libexecdir=/usr/lib --without-included-gettext --enable-threads=posix --libdir=/usr/lib --enable-nls --with-sysroot=/ --enable-clocale=gnu --enable-libstdcxx-debug --enable-libstdcxx-time=yes --with-default-libstdcxx-abi=new --enable-gnu-unique-object --disable-vtable-verify --enable-libmpx --enable-plugin --with-system-zlib --disable-browser-plugin --enable-java-awt=gtk --enable-gtk-cairo --with-java-home=/usr/lib/jvm/java-1.5.0-gcj-5-amd64/jre --enable-java-home --with-jvm-root-dir=/usr/lib/jvm/java-1.5.0-gcj-5-amd64 --with-jvm-jar-dir=/usr/lib/jvm-exports/java-1.5.0-gcj-5-amd64 --with-arch-directory=amd64 --with-ecj-jar=/usr/share/java/eclipse-ecj.jar --enable-objc-gc --enable-multiarch --disable-werror --with-arch-32=i686 --with-abi=m64 --with-multilib-list=m32,m64,mx32 --enable-multilib --with-tune=generic --enable-checking=release --build=x86_64-linux-gnu --host=x86_64-linux-gnu --target=x86_64-linux-gnu
Thread model: posix
gcc version 5.4.0 20160609 (Ubuntu 5.4.0-6ubuntu1~16.04.4) 
configure:2599: $? = 0
configure:2588: gcc -V >&5
gcc: error: unrecognized command line option '-V'
gcc: fatal error: no input files
compilation terminated.
configure:2599: $? = 1
configure:2588: gcc -qversion >&5
gcc: error: unrecognized command line option '-qversion'
gcc: fatal error: no input files
compilation terminated.
configure:2599: $? = 1
configure:2619: checking whether the C compiler works
configure:2641: gcc    conftest.c  >&5
configure:2645: $? = 0
configure:2693: result: yes
configure:2696: checking for C compiler default output file name
configure:2698: result: a.out
configure:2704: checking for suffix of executables
configure:2711: gcc -o conftest    conftest.c  >&5
configure:2715: $? = 0
configure:2737: result: 
configure:2759: checking whether we are cross compiling
configure:2767: gcc -o conftest    conftest.c  >&5
configure:2771: $? = 0
configure:2778: ./conftest
configure:2782: $? = 0
configure:2797: result: no
configure:2802: checking for suffix of object files
configure:2824: gcc -c   conftest.c >&5
configure:2828: $? = 0
configure:2849: result: o
configure:2853: checking whether we are using the GNU C compiler
configure:2872: gcc -c   conftest.c >&5
configure:2872: $? = 0
configure:2881: result: yes
configure:2890: checking whether gcc accepts -g
configure:2910: gcc -c -g  conftest.c >&5
configure:2910: $? = 0
configure:2951: result: yes
configure:2968: checking for gcc option to accept ISO C89
configure:3031: gcc  -c -g -O2  conftest.c >&5
configure:3031: $? = 0
configure:3044: result: none needed
configure:3069: checking whether gcc understands -c and -o together
configure:3091: gcc -c conftest.c -o conftest2.o
configure:3094: $? = 0
configure:3091: gcc -c conftest.c -o conftest2.o
configure:3094: $? = 0
configure:3106: result: yes
configure:3173: checking for ar
configure:3189: found /usr/bin/ar
configure:3200: result: ar
configure:3226: checking the archiver (ar) interface
configure:3242: gcc -c -g -O2  conftest.c >&5
configure:3242: $? = 0
configure:3244: ar cru libconftest.a conftest.o >&5
ar: `u' modifier ignored since `D' is the default (see `U')
configure:3247: $? = 0
configure:3275: result: ar
configure:3318: checking for a BSD-compatible install
configure:3386: result: /usr/bin/install -c
configure:3397: checking whether build environment is sane
configure:3452: result: yes
configure:3600: checking for a thread-safe mkdir -p
configure:3639: result: /bin/mkdir -p
configure:3646: checking for gawk
configure:3676: result: no
configure:3646: checking for mawk
configure:3662: found /usr/bin/mawk
configure:3673: result: mawk
configure:3684: checking whether make sets $(MAKE)
configure:3706: result: yes
configure:3736: checking for style of include used by make
configure:3764: result: GNU
configure:3798: checking whether make supports nested variables
configure:3815: result: yes
configure:3900: checking dependency style of gcc
configure:4011: result: gcc3
configure:4119: checking for gcc
configure:4146: result: gcc
configure:4375: checking for C compiler version
configure:4384: gcc --version >&5
gcc (Ubuntu 5.4.0-6ubuntu1~16.04.4) 5.4.0 20160609
Copyright (C) 2015 Free Software Foundation, Inc.
This is free software; see the source for copying conditions.  There is NO
warranty; not even for MERCHANTABILITY or FITNESS FOR A PARTICULAR PURPOSE.

configure:4395: $? = 0
configure:4384: gcc -v >&5
Using built-in specs.
COLLECT_GCC=gcc
COLLECT_LTO_WRAPPER=/usr/lib/gcc/x86_64-linux-gnu/5/lto-wrapper
Target: x86_64-linux-gnu
Configured with: ../src/configure -v --with-pkgversion='Ubuntu 5.4.0-6ubuntu1~16.04.4' --with-bugurl=file:///usr/share/doc/gcc-5/README.Bugs --enable-languages=c,ada,c++,java,go,d,fortran,objc,obj-c++ --prefix=/usr --program-suffix=-5 --enable-shared --enable-linker-build-id --libexecdir=/usr/lib --without-included-gettext --enable-threads=posix --libdir=/usr/lib --enable-nls --with-sysroot=/ --enable-clocale=gnu --enable-libstdcxx-debug --enable-libstdcxx-time=yes --with-default-libstdcxx-abi=new --enable-gnu-unique-object --disable-vtable-verify --enable-libmpx --enable-plugin --with-system-zlib --disable-browser-plugin --enable-java-awt=gtk --enable-gtk-cairo --with-java-home=/usr/lib/jvm/java-1.5.0-gcj-5-amd64/jre --enable-java-home --with-jvm-root-dir=/usr/lib/jvm/java-1.5.0-gcj-5-amd64 --with-jvm-jar-dir=/usr/lib/jvm-exports/java-1.5.0-gcj-5-amd64 --with-arch-directory=amd64 --with-ecj-jar=/usr/share/java/eclipse-ecj.jar --enable-objc-gc --enable-multiarch --disable-werror --with-arch-32=i686 --with-abi=m64 --with-multilib-list=m32,m64,mx32 --enable-multilib --with-tune=generic --enable-checking=release --build=x86_64-linux-gnu --host=x86_64-linux-gnu --target=x86_64-linux-gnu
Thread model: posix
gcc version 5.4.0 20160609 (Ubuntu 5.4.0-6ubuntu1~16.04.4) 
configure:4395: $? = 0
configure:4384: gcc -V >&5
gcc: error: unrecognized command line option '-V'
gcc: fatal error: no input files
compilation terminated.
configure:4395: $? = 1
configure:4384: gcc -qversion >&5
gcc: error: unrecognized command line option '-qversion'
gcc: fatal error: no input files
compilation terminated.
configure:4395: $? = 1
configure:4399: checking whether we are using the GNU C compiler
configure:4427: result: yes
configure:4436: checking whether gcc accepts -g
configure:4497: result: yes
configure:4514: checking for gcc option to accept ISO C89
configure:4590: result: none needed
configure:4615: checking whether gcc understands -c and -o together
configure:4652: result: yes
configure:4698: checking build system type
configure:4712: result: x86_64-pc-linux-gnu
configure:4732: checking host system type
configure:4745: result: x86_64-pc-linux-gnu
configure:4786: checking how to print strings
configure:4813: result: printf
configure:4834: checking for a sed that does not truncate output
configure:4898: result: /bin/sed
configure:4916: checking for grep that handles long lines and -e
configure:4974: result: /bin/grep
configure:4979: checking for egrep
configure:5041: result: /bin/grep -E
configure:5046: checking for fgrep
configure:5108: result: /bin/grep -F
configure:5143: checking for ld used by gcc
configure:5210: result: /usr/bin/ld
configure:5217: checking if the linker (/usr/bin/ld) is GNU ld
configure:5232: result: yes
configure:5244: checking for BSD- or MS-compatible name lister (nm)
configure:5298: result: /usr/bin/nm -B
configure:5428: checking the name lister (/usr/bin/nm -B) interface
configure:5435: gcc -c -g -O2  conftest.c >&5
configure:5438: /usr/bin/nm -B "conftest.o"
configure:5441: output
0000000000000000 B some_variable
configure:5448: result: BSD nm
configure:5451: checking whether ln -s works
configure:5455: result: yes
configure:5463: checking the maximum length of command line arguments
configure:5594: result: 1572864
configure:5642: checking how to convert x86_64-pc-linux-gnu file names to x86_64-pc-linux-gnu format
configure:5682: result: func_convert_file_noop
configure:5689: checking how to convert x86_64-pc-linux-gnu file names to toolchain format
configure:5709: result: func_convert_file_noop
configure:5716: checking for /usr/bin/ld option to reload object files
configure:5723: result: -r
configure:5797: checking for objdump
configure:5813: found /usr/bin/objdump
configure:5824: result: objdump
configure:5856: checking how to recognize dependent libraries
configure:6056: result: pass_all
configure:6141: checking for dlltool
configure:6171: result: no
configure:6201: checking how to associate runtime and link libraries
configure:6228: result: printf %s\n
configure:6352: checking for archiver @FILE support
configure:6369: gcc -c -g -O2  conftest.c >&5
configure:6369: $? = 0
configure:6372: ar cru libconftest.a @conftest.lst >&5
ar: `u' modifier ignored since `D' is the default (see `U')
configure:6375: $? = 0
configure:6380: ar cru libconftest.a @conftest.lst >&5
ar: `u' modifier ignored since `D' is the default (see `U')
ar: conftest.o: No such file or directory
configure:6383: $? = 1
configure:6395: result: @
configure:6453: checking for strip
configure:6469: found /usr/bin/strip
configure:6480: result: strip
configure:6552: checking for ranlib
configure:6568: found /usr/bin/ranlib
configure:6579: result: ranlib
configure:6681: checking command to parse /usr/bin/nm -B output from gcc object
configure:6834: gcc -c -g -O2  conftest.c >&5
configure:6837: $? = 0
configure:6841: /usr/bin/nm -B conftest.o \| sed -n -e 's/^.*[ ]\([ABCDGIRSTW][ABCDGIRSTW]*\)[ ][ ]*\([_A-Za-z][_A-Za-z0-9]*\)$/\1 \2 \2/p' | sed '/ __gnu_lto/d' \> conftest.nm
configure:6844: $? = 0
configure:6910: gcc -o conftest -g -O2   conftest.c conftstm.o >&5
configure:6913: $? = 0
configure:6951: result: ok
configure:6998: checking for sysroot
configure:7028: result: no
configure:7035: checking for a working dd
configure:7073: result: /bin/dd
configure:7077: checking how to truncate binary pipes
configure:7092: result: /bin/dd bs=4096 count=1
configure:7228: gcc -c -g -O2  conftest.c >&5
configure:7231: $? = 0
configure:7421: checking for mt
configure:7437: found /bin/mt
configure:7448: result: mt
configure:7471: checking if mt is a manifest tool
configure:7477: mt '-?'
configure:7485: result: no
configure:8162: checking how to run the C preprocessor
configure:8193: gcc -E  conftest.c
configure:8193: $? = 0
configure:8207: gcc -E  conftest.c
conftest.c:11:28: fatal error: ac_nonexistent.h: No such file or directory
compilation terminated.
configure:8207: $? = 1
configure: failed program was:
| /* confdefs.h */
| #define PACKAGE_NAME "roman_cal"
| #define PACKAGE_TARNAME "roman_cal"
| #define PACKAGE_VERSION "0.3"
| #define PACKAGE_STRING "roman_cal 0.3"
| #define PACKAGE_BUGREPORT "check-devel AT lists.sourceforge.net"
| #define PACKAGE_URL ""
| #define PACKAGE "roman_cal"
| #define VERSION "0.3"
| /* end confdefs.h.  */
| #include <ac_nonexistent.h>
configure:8232: result: gcc -E
configure:8252: gcc -E  conftest.c
configure:8252: $? = 0
configure:8266: gcc -E  conftest.c
conftest.c:11:28: fatal error: ac_nonexistent.h: No such file or directory
compilation terminated.
configure:8266: $? = 1
configure: failed program was:
| /* confdefs.h */
| #define PACKAGE_NAME "roman_cal"
| #define PACKAGE_TARNAME "roman_cal"
| #define PACKAGE_VERSION "0.3"
| #define PACKAGE_STRING "roman_cal 0.3"
| #define PACKAGE_BUGREPORT "check-devel AT lists.sourceforge.net"
| #define PACKAGE_URL ""
| #define PACKAGE "roman_cal"
| #define VERSION "0.3"
| /* end confdefs.h.  */
| #include <ac_nonexistent.h>
configure:8295: checking for ANSI C header files
configure:8315: gcc -c -g -O2  conftest.c >&5
configure:8315: $? = 0
configure:8388: gcc -o conftest -g -O2   conftest.c  >&5
configure:8388: $? = 0
configure:8388: ./conftest
configure:8388: $? = 0
configure:8399: result: yes
configure:8412: checking for sys/types.h
configure:8412: gcc -c -g -O2  conftest.c >&5
configure:8412: $? = 0
configure:8412: result: yes
configure:8412: checking for sys/stat.h
configure:8412: gcc -c -g -O2  conftest.c >&5
configure:8412: $? = 0
configure:8412: result: yes
configure:8412: checking for stdlib.h
configure:8412: gcc -c -g -O2  conftest.c >&5
configure:8412: $? = 0
configure:8412: result: yes
configure:8412: checking for string.h
configure:8412: gcc -c -g -O2  conftest.c >&5
configure:8412: $? = 0
configure:8412: result: yes
configure:8412: checking for memory.h
configure:8412: gcc -c -g -O2  conftest.c >&5
configure:8412: $? = 0
configure:8412: result: yes
configure:8412: checking for strings.h
configure:8412: gcc -c -g -O2  conftest.c >&5
configure:8412: $? = 0
configure:8412: result: yes
configure:8412: checking for inttypes.h
configure:8412: gcc -c -g -O2  conftest.c >&5
configure:8412: $? = 0
configure:8412: result: yes
configure:8412: checking for stdint.h
configure:8412: gcc -c -g -O2  conftest.c >&5
configure:8412: $? = 0
configure:8412: result: yes
configure:8412: checking for unistd.h
configure:8412: gcc -c -g -O2  conftest.c >&5
configure:8412: $? = 0
configure:8412: result: yes
configure:8426: checking for dlfcn.h
configure:8426: gcc -c -g -O2  conftest.c >&5
configure:8426: $? = 0
configure:8426: result: yes
configure:8682: checking for objdir
configure:8697: result: .libs
configure:8961: checking if gcc supports -fno-rtti -fno-exceptions
configure:8979: gcc -c -g -O2  -fno-rtti -fno-exceptions conftest.c >&5
cc1: warning: command line option '-fno-rtti' is valid for C++/ObjC++ but not for C
configure:8983: $? = 0
configure:8996: result: no
configure:9354: checking for gcc option to produce PIC
configure:9361: result: -fPIC -DPIC
configure:9369: checking if gcc PIC flag -fPIC -DPIC works
configure:9387: gcc -c -g -O2  -fPIC -DPIC -DPIC conftest.c >&5
configure:9391: $? = 0
configure:9404: result: yes
configure:9433: checking if gcc static flag -static works
configure:9461: result: yes
configure:9476: checking if gcc supports -c -o file.o
configure:9497: gcc -c -g -O2  -o out/conftest2.o conftest.c >&5
configure:9501: $? = 0
configure:9523: result: yes
configure:9531: checking if gcc supports -c -o file.o
configure:9578: result: yes
configure:9611: checking whether the gcc linker (/usr/bin/ld -m elf_x86_64) supports shared libraries
configure:10874: result: yes
configure:10911: checking whether -lc should be explicitly linked in
configure:10919: gcc -c -g -O2  conftest.c >&5
configure:10922: $? = 0
configure:10937: gcc -shared  -fPIC -DPIC conftest.o  -v -Wl,-soname -Wl,conftest -o conftest 2\>\&1 \| /bin/grep  -lc  \>/dev/null 2\>\&1
configure:10940: $? = 0
configure:10954: result: no
configure:11114: checking dynamic linker characteristics
configure:11695: gcc -o conftest -g -O2   -Wl,-rpath -Wl,/foo conftest.c  >&5
configure:11695: $? = 0
configure:11944: result: GNU/Linux ld.so
configure:12066: checking how to hardcode library paths into programs
configure:12091: result: immediate
configure:12639: checking whether stripping libraries is possible
configure:12644: result: yes
configure:12679: checking if libtool supports shared libraries
configure:12681: result: yes
configure:12684: checking whether to build shared libraries
configure:12709: result: yes
configure:12712: checking whether to build static libraries
configure:12716: result: yes
configure:12810: checking for pkg-config
configure:12828: found /usr/bin/pkg-config
configure:12840: result: /usr/bin/pkg-config
configure:12865: checking pkg-config is at least version 0.9.0
configure:12868: result: yes
configure:12878: checking for CHECK
configure:12885: $PKG_CONFIG --exists --print-errors "check >= 0.9.6"
configure:12888: $? = 0
configure:12902: $PKG_CONFIG --exists --print-errors "check >= 0.9.6"
configure:12905: $? = 0
configure:12963: result: yes
configure:12970: checking for ANSI C header files
configure:13074: result: yes
configure:13084: checking for stdlib.h
configure:13084: result: yes
configure:13100: checking for stdlib.h
configure:13100: result: yes
configure:13110: checking for GNU libc compatible malloc
configure:13134: gcc -o conftest -g -O2   conftest.c  >&5
configure:13134: $? = 0
configure:13134: ./conftest
configure:13134: $? = 0
configure:13144: result: yes
configure:13282: checking that generated files are newer than configure
configure:13288: result: done
configure:13311: creating ./config.status

## ---------------------- ##
## Running config.status. ##
## ---------------------- ##

This file was extended by roman_cal config.status 0.3, which was
generated by GNU Autoconf 2.69.  Invocation command line was

  CONFIG_FILES    = 
  CONFIG_HEADERS  = 
  CONFIG_LINKS    = 
  CONFIG_COMMANDS = 
  $ ./config.status 

on hemanth-Inspiron-15-7568

config.status:1095: creating Makefile
config.status:1095: creating src/Makefile
config.status:1095: creating tests/Makefile
config.status:1095: creating config.h
config.status:1276: config.h is unchanged
config.status:1324: executing depfiles commands
config.status:1324: executing libtool commands

## ---------------- ##
## Cache variables. ##
## ---------------- ##

ac_cv_build=x86_64-pc-linux-gnu
ac_cv_c_compiler_gnu=yes
ac_cv_env_CC_set=
ac_cv_env_CC_value=
ac_cv_env_CFLAGS_set=
ac_cv_env_CFLAGS_value=
ac_cv_env_CHECK_CFLAGS_set=
ac_cv_env_CHECK_CFLAGS_value=
ac_cv_env_CHECK_LIBS_set=
ac_cv_env_CHECK_LIBS_value=
ac_cv_env_CPPFLAGS_set=
ac_cv_env_CPPFLAGS_value=
ac_cv_env_CPP_set=
ac_cv_env_CPP_value=
ac_cv_env_LDFLAGS_set=
ac_cv_env_LDFLAGS_value=
ac_cv_env_LIBS_set=
ac_cv_env_LIBS_value=
ac_cv_env_LT_SYS_LIBRARY_PATH_set=
ac_cv_env_LT_SYS_LIBRARY_PATH_value=
ac_cv_env_PKG_CONFIG_LIBDIR_set=
ac_cv_env_PKG_CONFIG_LIBDIR_value=
ac_cv_env_PKG_CONFIG_PATH_set=
ac_cv_env_PKG_CONFIG_PATH_value=
ac_cv_env_PKG_CONFIG_set=
ac_cv_env_PKG_CONFIG_value=
ac_cv_env_build_alias_set=
ac_cv_env_build_alias_value=
ac_cv_env_host_alias_set=
ac_cv_env_host_alias_value=
ac_cv_env_target_alias_set=
ac_cv_env_target_alias_value=
ac_cv_func_malloc_0_nonnull=yes
ac_cv_header_dlfcn_h=yes
ac_cv_header_inttypes_h=yes
ac_cv_header_memory_h=yes
ac_cv_header_stdc=yes
ac_cv_header_stdint_h=yes
ac_cv_header_stdlib_h=yes
ac_cv_header_string_h=yes
ac_cv_header_strings_h=yes
ac_cv_header_sys_stat_h=yes
ac_cv_header_sys_types_h=yes
ac_cv_header_unistd_h=yes
ac_cv_host=x86_64-pc-linux-gnu
ac_cv_objext=o
ac_cv_path_EGREP='/bin/grep -E'
ac_cv_path_FGREP='/bin/grep -F'
ac_cv_path_GREP=/bin/grep
ac_cv_path_SED=/bin/sed
ac_cv_path_ac_pt_PKG_CONFIG=/usr/bin/pkg-config
ac_cv_path_install='/usr/bin/install -c'
ac_cv_path_lt_DD=/bin/dd
ac_cv_path_mkdir=/bin/mkdir
ac_cv_prog_AWK=mawk
ac_cv_prog_CPP='gcc -E'
ac_cv_prog_ac_ct_AR=ar
ac_cv_prog_ac_ct_CC=gcc
ac_cv_prog_ac_ct_MANIFEST_TOOL=mt
ac_cv_prog_ac_ct_OBJDUMP=objdump
ac_cv_prog_ac_ct_RANLIB=ranlib
ac_cv_prog_ac_ct_STRIP=strip
ac_cv_prog_cc_c89=
ac_cv_prog_cc_g=yes
ac_cv_prog_make_make_set=yes
am_cv_CC_dependencies_compiler_type=gcc3
am_cv_ar_interface=ar
am_cv_make_support_nested_variables=yes
am_cv_prog_cc_c_o=yes
lt_cv_ar_at_file=@
lt_cv_archive_cmds_need_lc=no
lt_cv_deplibs_check_method=pass_all
lt_cv_file_magic_cmd='$MAGIC_CMD'
lt_cv_file_magic_test_file=
lt_cv_ld_reload_flag=-r
lt_cv_nm_interface='BSD nm'
lt_cv_objdir=.libs
lt_cv_path_LD=/usr/bin/ld
lt_cv_path_NM='/usr/bin/nm -B'
lt_cv_path_mainfest_tool=no
lt_cv_prog_compiler_c_o=yes
lt_cv_prog_compiler_pic='-fPIC -DPIC'
lt_cv_prog_compiler_pic_works=yes
lt_cv_prog_compiler_rtti_exceptions=no
lt_cv_prog_compiler_static_works=yes
lt_cv_prog_gnu_ld=yes
lt_cv_sharedlib_from_linklib_cmd='printf %s\n'
lt_cv_shlibpath_overrides_runpath=no
lt_cv_sys_global_symbol_pipe='sed -n -e '\''s/^.*[	 ]\([ABCDGIRSTW][ABCDGIRSTW]*\)[	 ][	 ]*\([_A-Za-z][_A-Za-z0-9]*\)$/\1 \2 \2/p'\'' | sed '\''/ __gnu_lto/d'\'''
lt_cv_sys_global_symbol_to_c_name_address='sed -n -e '\''s/^: \(.*\) .*$/  {"\1", (void *) 0},/p'\'' -e '\''s/^[ABCDGIRSTW][ABCDGIRSTW]* .* \(.*\)$/  {"\1", (void *) \&\1},/p'\'''
lt_cv_sys_global_symbol_to_c_name_address_lib_prefix='sed -n -e '\''s/^: \(.*\) .*$/  {"\1", (void *) 0},/p'\'' -e '\''s/^[ABCDGIRSTW][ABCDGIRSTW]* .* \(lib.*\)$/  {"\1", (void *) \&\1},/p'\'' -e '\''s/^[ABCDGIRSTW][ABCDGIRSTW]* .* \(.*\)$/  {"lib\1", (void *) \&\1},/p'\'''
lt_cv_sys_global_symbol_to_cdecl='sed -n -e '\''s/^T .* \(.*\)$/extern int \1();/p'\'' -e '\''s/^[ABCDGIRSTW][ABCDGIRSTW]* .* \(.*\)$/extern char \1;/p'\'''
lt_cv_sys_global_symbol_to_import=
lt_cv_sys_max_cmd_len=1572864
lt_cv_to_host_file_cmd=func_convert_file_noop
lt_cv_to_tool_file_cmd=func_convert_file_noop
lt_cv_truncate_bin='/bin/dd bs=4096 count=1'
pkg_cv_CHECK_CFLAGS=-pthread
pkg_cv_CHECK_LIBS='-lcheck_pic -pthread -lrt -lm -lsubunit'

## ----------------- ##
## Output variables. ##
## ----------------- ##

ACLOCAL='${SHELL} /home/hemanth/Desktop/roman_cal/missing aclocal-1.15'
AMDEPBACKSLASH='\'
AMDEP_FALSE='#'
AMDEP_TRUE=''
AMTAR='$${TAR-tar}'
AM_BACKSLASH='\'
AM_DEFAULT_V='$(AM_DEFAULT_VERBOSITY)'
AM_DEFAULT_VERBOSITY='1'
AM_V='$(V)'
AR='ar'
AUTOCONF='${SHELL} /home/hemanth/Desktop/roman_cal/missing autoconf'
AUTOHEADER='${SHELL} /home/hemanth/Desktop/roman_cal/missing autoheader'
AUTOMAKE='${SHELL} /home/hemanth/Desktop/roman_cal/missing automake-1.15'
AWK='mawk'
CC='gcc'
CCDEPMODE='depmode=gcc3'
CFLAGS='-g -O2'
CHECK_CFLAGS='-pthread'
CHECK_LIBS='-lcheck_pic -pthread -lrt -lm -lsubunit'
CPP='gcc -E'
CPPFLAGS=''
CYGPATH_W='echo'
DEFS='-DHAVE_CONFIG_H'
DEPDIR='.deps'
DLLTOOL='false'
DSYMUTIL=''
DUMPBIN=''
ECHO_C=''
ECHO_N='-n'
ECHO_T=''
EGREP='/bin/grep -E'
EXEEXT=''
FGREP='/bin/grep -F'
GREP='/bin/grep'
INSTALL_DATA='${INSTALL} -m 644'
INSTALL_PROGRAM='${INSTALL}'
INSTALL_SCRIPT='${INSTALL}'
INSTALL_STRIP_PROGRAM='$(install_sh) -c -s'
LD='/usr/bin/ld -m elf_x86_64'
LDFLAGS=''
LIBOBJS=''
LIBS=''
LIBTOOL='$(SHELL) $(top_builddir)/libtool'
LIPO=''
LN_S='ln -s'
LTLIBOBJS=''
LT_SYS_LIBRARY_PATH=''
MAKEINFO='${SHELL} /home/hemanth/Desktop/roman_cal/missing makeinfo'
MANIFEST_TOOL=':'
MKDIR_P='/bin/mkdir -p'
NM='/usr/bin/nm -B'
NMEDIT=''
OBJDUMP='objdump'
OBJEXT='o'
OTOOL64=''
OTOOL=''
PACKAGE='roman_cal'
PACKAGE_BUGREPORT='check-devel AT lists.sourceforge.net'
PACKAGE_NAME='roman_cal'
PACKAGE_STRING='roman_cal 0.3'
PACKAGE_TARNAME='roman_cal'
PACKAGE_URL=''
PACKAGE_VERSION='0.3'
PATH_SEPARATOR=':'
PKG_CONFIG='/usr/bin/pkg-config'
PKG_CONFIG_LIBDIR=''
PKG_CONFIG_PATH=''
RANLIB='ranlib'
SED='/bin/sed'
SET_MAKE=''
SHELL='/bin/bash'
STRIP='strip'
VERSION='0.3'
ac_ct_AR='ar'
ac_ct_CC='gcc'
ac_ct_DUMPBIN=''
am__EXEEXT_FALSE=''
am__EXEEXT_TRUE='#'
am__fastdepCC_FALSE='#'
am__fastdepCC_TRUE=''
am__include='include'
am__isrc=''
am__leading_dot='.'
am__nodep='_no'
am__quote=''
am__tar='$${TAR-tar} chof - "$$tardir"'
am__untar='$${TAR-tar} xf -'
bindir='${exec_prefix}/bin'
build='x86_64-pc-linux-gnu'
build_alias=''
build_cpu='x86_64'
build_os='linux-gnu'
build_vendor='pc'
datadir='${datarootdir}'
datarootdir='${prefix}/share'
docdir='${datarootdir}/doc/${PACKAGE_TARNAME}'
dvidir='${docdir}'
exec_prefix='${prefix}'
host='x86_64-pc-linux-gnu'
host_alias=''
host_cpu='x86_64'
host_os='linux-gnu'
host_vendor='pc'
htmldir='${docdir}'
includedir='${prefix}/include'
infodir='${datarootdir}/info'
install_sh='${SHELL} /home/hemanth/Desktop/roman_cal/install-sh'
libdir='${exec_prefix}/lib'
libexecdir='${exec_prefix}/libexec'
localedir='${datarootdir}/locale'
localstatedir='${prefix}/var'
mandir='${datarootdir}/man'
mkdir_p='$(MKDIR_P)'
oldincludedir='/usr/include'
pdfdir='${docdir}'
prefix='/usr/local'
program_transform_name='s,x,x,'
psdir='${docdir}'
runstatedir='${localstatedir}/run'
sbindir='${exec_prefix}/sbin'
sharedstatedir='${prefix}/com'
sysconfdir='${prefix}/etc'
target_alias=''

## ----------- ##
## confdefs.h. ##
## ----------- ##

/* confdefs.h */
#define PACKAGE_NAME "roman_cal"
#define PACKAGE_TARNAME "roman_cal"
#define PACKAGE_VERSION "0.3"
#define PACKAGE_STRING "roman_cal 0.3"
#define PACKAGE_BUGREPORT "check-devel AT lists.sourceforge.net"
#define PACKAGE_URL ""
#define PACKAGE "roman_cal"
#define VERSION "0.3"
#define STDC_HEADERS 1
#define HAVE_SYS_TYPES_H 1
#define HAVE_SYS_STAT_H 1
#define HAVE_STDLIB_H 1
#define HAVE_STRING_H 1
#define HAVE_MEMORY_H 1
#define HAVE_STRINGS_H 1
#define HAVE_INTTYPES_H 1
#define HAVE_STDINT_H 1
#define HAVE_UNISTD_H 1
#define HAVE_DLFCN_H 1
#define LT_OBJDIR ".libs/"
#define STDC_HEADERS 1
#define HAVE_STDLIB_H 1
#define HAVE_STDLIB_H 1
#define HAVE_MALLOC 1

configure: exit 0
